VirtualBox XPCOM Server 4.3.36_Ubuntu r105129 linux.amd64 (Jan 21 2019 16:23:12) release log
00:00:00.000144 main     Log opened 2019-01-29T18:52:25.967671000Z
00:00:00.000145 main     Build Type: release
00:00:00.000148 main     OS Product: Linux
00:00:00.000149 main     OS Release: 3.13.0-151-generic
00:00:00.000149 main     OS Version: #201-Ubuntu SMP Wed May 30 14:22:13 UTC 2018
00:00:00.000166 main     DMI Product Name: VirtualBox
00:00:00.000171 main     DMI Product Version: 1.2
00:00:00.000216 main     Host RAM: 489MB total, 326MB available
00:00:00.000219 main     Executable: /usr/lib/virtualbox/VBoxSVC
00:00:00.000220 main     Process ID: 4475
00:00:00.000220 main     Package type: LINUX_64BITS_GENERIC (OSE)
00:00:00.104317 nspr-2   Home directory: '/home/vagrant/.config/VirtualBox'
00:00:00.105413 nspr-2   HostDnsMonitor: old information
00:00:00.105420 nspr-2     no server entries
00:00:00.105423 nspr-2     no search string entries
00:00:00.105425 nspr-2     no domain set
00:00:00.105426 nspr-2   HostDnsMonitor: new information
00:00:00.105428 nspr-2     server 1: 10.0.2.3
00:00:00.105430 nspr-2     no search string entries
00:00:00.105432 nspr-2     no domain set
00:00:00.105507 nspr-2   HostDnsMonitorProxy::notify
00:00:00.106199 nspr-2   VDInit finished
00:00:00.106262 nspr-2   ERROR [COM]: aRC=NS_ERROR_FAILURE (0x80004005) aIID={1254a96a-ae57-4484-946a-22d86c1f98af} aComponent={SystemProperties} aText={Cannot determine default Guest Additions ISO location. Most likely they are not available}, preserve=false
00:00:05.109417 Watcher  ERROR [COM]: aRC=E_ACCESSDENIED (0x80070005) aIID={fafa4e17-1ee2-4905-a10e-fe7c18bf5554} aComponent={VirtualBox} aText={The object is not ready}, preserve=false
